This is pdfTeX, Version 3.14159265-2.6-1.40.15 (TeX Live 2014) (preloaded format=pdflatex 2015.5.18)  18 SEP 2015 16:15
entering extended mode
 \write18 enabled.
 %&-line parsing enabled.
**MorganLevy_evolang11-draft3.tex
(./MorganLevy_evolang11-draft3.tex
LaTeX2e <2014/05/01>
Babel <3.9l> and hyphenation patterns for 79 languages loaded.
(./evolang11.cls (/usr/local/texlive/2014/texmf-dist/tex/latex/base/article.cls
Document Class: article 2014/09/29 v1.4h Standard LaTeX document class
(/usr/local/texlive/2014/texmf-dist/tex/latex/base/size10.clo
File: size10.clo 2014/09/29 v1.4h Standard LaTeX file (size option)
)
\c@part=\count79
\c@section=\count80
\c@subsection=\count81
\c@subsubsection=\count82
\c@paragraph=\count83
\c@subparagraph=\count84
\c@figure=\count85
\c@table=\count86
\abovecaptionskip=\skip41
\belowcaptionskip=\skip42
\bibindent=\dimen102
)
Document Class: evolang11 2009/03/06 v1
\trimheight=\dimen103
\trimwidth=\dimen104
\typeheight=\dimen105
\typewidth=\dimen106
\tempdimen=\dimen107
\tablewidth=\dimen108
\normaltextheight=\dimen109
\tempbox=\box26
\tablewd=\dimen110
\trimheight=\dimen111
\trimwidth=\dimen112
\typeheight=\dimen113
\captionbox=\box27
\c@appendix=\count87
(./apacite.sty
Package: apacite 1994/11/30 APA citation
\c@BibCnt=\count88
\bibleftmargin=\skip43
) (/usr/local/texlive/2014/texmf-dist/tex/latex/psnfss/times.sty
Package: times 2005/04/12 PSNFSS-v9.2a (SPQR) 
) (/usr/local/texlive/2014/texmf-dist/tex/latex/amsfonts/amsfonts.sty
Package: amsfonts 2013/01/14 v3.01 Basic AMSFonts support
\@emptytoks=\toks14
\symAMSa=\mathgroup4
\symAMSb=\mathgroup5
LaTeX Font Info:    Overwriting math alphabet `\mathfrak' in version `bold'
(Font)                  U/euf/m/n --> U/euf/b/n on input line 106.
)
(/usr/local/texlive/2014/texmf-dist/tex/latex/amsfonts/amssymb.sty
Package: amssymb 2013/01/14 v3.01 AMS font symbols
)
(/usr/local/texlive/2014/texmf-dist/tex/latex/amsmath/amsmath.sty
Package: amsmath 2013/01/14 v2.14 AMS math features
\@mathmargin=\skip44

For additional information on amsmath, use the `?' option.
(/usr/local/texlive/2014/texmf-dist/tex/latex/amsmath/amstext.sty
Package: amstext 2000/06/29 v2.01

(/usr/local/texlive/2014/texmf-dist/tex/latex/amsmath/amsgen.sty
File: amsgen.sty 1999/11/30 v2.0
\@emptytoks=\toks15
\ex@=\dimen114
))
(/usr/local/texlive/2014/texmf-dist/tex/latex/amsmath/amsbsy.sty
Package: amsbsy 1999/11/29 v1.2d
\pmbraise@=\dimen115
)
(/usr/local/texlive/2014/texmf-dist/tex/latex/amsmath/amsopn.sty
Package: amsopn 1999/12/14 v2.01 operator names
)
\inf@bad=\count89
LaTeX Info: Redefining \frac on input line 210.
\uproot@=\count90
\leftroot@=\count91
LaTeX Info: Redefining \overline on input line 306.
\classnum@=\count92
\DOTSCASE@=\count93
LaTeX Info: Redefining \ldots on input line 378.
LaTeX Info: Redefining \dots on input line 381.
LaTeX Info: Redefining \cdots on input line 466.
\Mathstrutbox@=\box28
\strutbox@=\box29
\big@size=\dimen116
LaTeX Font Info:    Redeclaring font encoding OML on input line 566.
LaTeX Font Info:    Redeclaring font encoding OMS on input line 567.
\macc@depth=\count94
\c@MaxMatrixCols=\count95
\dotsspace@=\muskip10
\c@parentequation=\count96
\dspbrk@lvl=\count97
\tag@help=\toks16
\row@=\count98
\column@=\count99
\maxfields@=\count100
\andhelp@=\toks17
\eqnshift@=\dimen117
\alignsep@=\dimen118
\tagshift@=\dimen119
\tagwidth@=\dimen120
\totwidth@=\dimen121
\lineht@=\dimen122
\@envbody=\toks18
\multlinegap=\skip45
\multlinetaggap=\skip46
\mathdisplay@stack=\toks19
LaTeX Info: Redefining \[ on input line 2665.
LaTeX Info: Redefining \] on input line 2666.
))
(/usr/local/texlive/2014/texmf-dist/tex/latex/graphics/graphicx.sty
Package: graphicx 2014/10/28 v1.0g Enhanced LaTeX Graphics (DPC,SPQR)

(/usr/local/texlive/2014/texmf-dist/tex/latex/graphics/keyval.sty
Package: keyval 2014/10/28 v1.15 key=value parser (DPC)
\KV@toks@=\toks20
)
(/usr/local/texlive/2014/texmf-dist/tex/latex/graphics/graphics.sty
Package: graphics 2014/10/28 v1.0p Standard LaTeX Graphics (DPC,SPQR)

(/usr/local/texlive/2014/texmf-dist/tex/latex/graphics/trig.sty
Package: trig 1999/03/16 v1.09 sin cos tan (DPC)
)
(/usr/local/texlive/2014/texmf-dist/tex/latex/latexconfig/graphics.cfg
File: graphics.cfg 2010/04/23 v1.9 graphics configuration of TeX Live
)
Package graphics Info: Driver file: pdftex.def on input line 91.

(/usr/local/texlive/2014/texmf-dist/tex/latex/pdftex-def/pdftex.def
File: pdftex.def 2011/05/27 v0.06d Graphics/color for pdfTeX

(/usr/local/texlive/2014/texmf-dist/tex/generic/oberdiek/infwarerr.sty
Package: infwarerr 2010/04/08 v1.3 Providing info/warning/error messages (HO)
)
(/usr/local/texlive/2014/texmf-dist/tex/generic/oberdiek/ltxcmds.sty
Package: ltxcmds 2011/11/09 v1.22 LaTeX kernel commands for general use (HO)
)
\Gread@gobject=\count101
))
\Gin@req@height=\dimen123
\Gin@req@width=\dimen124
)
(/usr/local/texlive/2014/texmf-dist/tex/latex/url/url.sty
\Urlmuskip=\muskip11
Package: url 2013/09/16  ver 3.4  Verb mode for urls, etc.
)
(/usr/local/texlive/2014/texmf-dist/tex/latex/pbox/pbox.sty
Package: pbox 2011/12/07 v1.2 Dynamic parboxes

(/Users/emily/Library/texmf/tex/latex/calc.sty
Package: calc 2007/08/22 v4.3 Infix arithmetic (KKT,FJ)
\calc@Acount=\count102
\calc@Bcount=\count103
\calc@Adimen=\dimen125
\calc@Bdimen=\dimen126
\calc@Askip=\skip47
\calc@Bskip=\skip48
LaTeX Info: Redefining \setlength on input line 76.
LaTeX Info: Redefining \addtolength on input line 77.
\calc@Ccount=\count104
\calc@Cskip=\skip49
)
(/usr/local/texlive/2014/texmf-dist/tex/latex/base/ifthen.sty
Package: ifthen 2014/09/29 v1.1c Standard LaTeX ifthen package (DPC)
)
\pb@xlen=\skip50
)
(/usr/local/texlive/2014/texmf-dist/tex/latex/subfig/subfig.sty
Package: subfig 2005/06/28 ver: 1.3 subfig package

(/usr/local/texlive/2014/texmf-dist/tex/latex/caption/caption3.sty
Package: caption3 2013/05/02 v1.6-88 caption3 kernel (AR)
Package caption3 Info: TeX engine: e-TeX on input line 57.
\captionmargin=\dimen127
\captionmargin@=\dimen128
\captionwidth=\dimen129
\caption@tempdima=\dimen130
\caption@indent=\dimen131
\caption@parindent=\dimen132
\caption@hangindent=\dimen133
Package caption Info: Unknown document class (or package),
(caption)             standard defaults will be used.
)
\c@KVtest=\count105
\sf@farskip=\skip51
\sf@captopadj=\dimen134
\sf@capskip=\skip52
\sf@nearskip=\skip53
\c@subfigure=\count106
\c@subfigure@save=\count107
\c@lofdepth=\count108
\c@subtable=\count109
\c@subtable@save=\count110
\c@lotdepth=\count111
\sf@top=\skip54
\sf@bottom=\skip55
)
(/usr/local/texlive/2014/texmf-dist/tex/latex/wrapfig/wrapfig.sty
\wrapoverhang=\dimen135
\WF@size=\dimen136
\c@WF@wrappedlines=\count112
\WF@box=\box30
\WF@everypar=\toks21
Package: wrapfig 2003/01/31  v 3.6
)
(/usr/local/texlive/2014/texmf-dist/tex/latex/enumitem/enumitem.sty
Package: enumitem 2011/09/28 v3.5.2 Customized lists
\labelindent=\skip56
\enit@outerparindent=\dimen137
\enit@toks=\toks22
\enit@inbox=\box31
\enitdp@description=\count113
)
(/usr/local/texlive/2014/texmf-dist/tex/latex/sidecap/sidecap.sty
Package: sidecap 2003/06/06 v1.6f SideCap Package (RN/HjG)
\SC@BOXWD=\dimen138
\SC@CAPWD=\dimen139
\SC@tempdima=\dimen140
\SC@tempdimb=\dimen141
\c@SC@C=\count114
\SC@BOX=\box32
)
(./MorganLevy_evolang11-draft3.aux)
\openout1 = `MorganLevy_evolang11-draft3.aux'.

LaTeX Font Info:    Checking defaults for OML/cmm/m/it on input line 13.
LaTeX Font Info:    ... okay on input line 13.
LaTeX Font Info:    Checking defaults for T1/cmr/m/n on input line 13.
LaTeX Font Info:    ... okay on input line 13.
LaTeX Font Info:    Checking defaults for OT1/cmr/m/n on input line 13.
LaTeX Font Info:    ... okay on input line 13.
LaTeX Font Info:    Checking defaults for OMS/cmsy/m/n on input line 13.
LaTeX Font Info:    ... okay on input line 13.
LaTeX Font Info:    Checking defaults for OMX/cmex/m/n on input line 13.
LaTeX Font Info:    ... okay on input line 13.
LaTeX Font Info:    Checking defaults for U/cmr/m/n on input line 13.
LaTeX Font Info:    ... okay on input line 13.
LaTeX Font Info:    Try loading font information for OT1+ptm on input line 13.

(/usr/local/texlive/2014/texmf-dist/tex/latex/psnfss/ot1ptm.fd
File: ot1ptm.fd 2001/06/04 font definitions for OT1/ptm.
)
(/usr/local/texlive/2014/texmf-dist/tex/context/base/supp-pdf.mkii
[Loading MPS to PDF converter (version 2006.09.02).]
\scratchcounter=\count115
\scratchdimen=\dimen142
\scratchbox=\box33
\nofMPsegments=\count116
\nofMParguments=\count117
\everyMPshowfont=\toks23
\MPscratchCnt=\count118
\MPscratchDim=\dimen143
\MPnumerator=\count119
\makeMPintoPDFobject=\count120
\everyMPtoPDFconversion=\toks24
) (/usr/local/texlive/2014/texmf-dist/tex/generic/oberdiek/pdftexcmds.sty
Package: pdftexcmds 2011/11/29 v0.20 Utility functions of pdfTeX for LuaTeX (HO
)

(/usr/local/texlive/2014/texmf-dist/tex/generic/oberdiek/ifluatex.sty
Package: ifluatex 2010/03/01 v1.3 Provides the ifluatex switch (HO)
Package ifluatex Info: LuaTeX not detected.
)
(/usr/local/texlive/2014/texmf-dist/tex/generic/oberdiek/ifpdf.sty
Package: ifpdf 2011/01/30 v2.3 Provides the ifpdf switch (HO)
Package ifpdf Info: pdfTeX in PDF mode is detected.
)
Package pdftexcmds Info: LuaTeX not detected.
Package pdftexcmds Info: \pdf@primitive is available.
Package pdftexcmds Info: \pdf@ifprimitive is available.
Package pdftexcmds Info: \pdfdraftmode found.
)
(/usr/local/texlive/2014/texmf-dist/tex/latex/oberdiek/epstopdf-base.sty
Package: epstopdf-base 2010/02/09 v2.5 Base part for package epstopdf

(/usr/local/texlive/2014/texmf-dist/tex/latex/oberdiek/grfext.sty
Package: grfext 2010/08/19 v1.1 Manage graphics extensions (HO)

(/usr/local/texlive/2014/texmf-dist/tex/generic/oberdiek/kvdefinekeys.sty
Package: kvdefinekeys 2011/04/07 v1.3 Define keys (HO)
))
(/usr/local/texlive/2014/texmf-dist/tex/latex/oberdiek/kvoptions.sty
Package: kvoptions 2011/06/30 v3.11 Key value format for package options (HO)

(/usr/local/texlive/2014/texmf-dist/tex/generic/oberdiek/kvsetkeys.sty
Package: kvsetkeys 2012/04/25 v1.16 Key value parser (HO)

(/usr/local/texlive/2014/texmf-dist/tex/generic/oberdiek/etexcmds.sty
Package: etexcmds 2011/02/16 v1.5 Avoid name clashes with e-TeX commands (HO)
Package etexcmds Info: Could not find \expanded.
(etexcmds)             That can mean that you are not using pdfTeX 1.50 or
(etexcmds)             that some package has redefined \expanded.
(etexcmds)             In the latter case, load this package earlier.
)))
Package grfext Info: Graphics extension search list:
(grfext)             [.png,.pdf,.jpg,.mps,.jpeg,.jbig2,.jb2,.PNG,.PDF,.JPG,.JPE
G,.JBIG2,.JB2,.eps]
(grfext)             \AppendGraphicsExtensions on input line 452.

(/usr/local/texlive/2014/texmf-dist/tex/latex/latexconfig/epstopdf-sys.cfg
File: epstopdf-sys.cfg 2010/07/13 v1.3 Configuration of (r)epstopdf for TeX Liv
e
))
Package caption Info: Begin \AtBeginDocument code.
Package caption Info: subfig package v1.3 is loaded.
Package caption Info: End \AtBeginDocument code.

(/usr/local/texlive/2014/texmf-dist/tex/latex/ms/ragged2e.sty
Package: ragged2e 2009/05/21 v2.1 ragged2e Package (MS)

(/usr/local/texlive/2014/texmf-dist/tex/latex/ms/everysel.sty
Package: everysel 2011/10/28 v1.2 EverySelectfont Package (MS)

ABD: EverySelectfont initializing macros
LaTeX Info: Redefining \selectfont on input line 126.
)
\CenteringLeftskip=\skip57
\RaggedLeftLeftskip=\skip58
\RaggedRightLeftskip=\skip59
\CenteringRightskip=\skip60
\RaggedLeftRightskip=\skip61
\RaggedRightRightskip=\skip62
\CenteringParfillskip=\skip63
\RaggedLeftParfillskip=\skip64
\RaggedRightParfillskip=\skip65
\JustifyingParfillskip=\skip66
\CenteringParindent=\skip67
\RaggedLeftParindent=\skip68
\RaggedRightParindent=\skip69
\JustifyingParindent=\skip70
)
LaTeX Font Info:    Font shape `OT1/ptm/bx/n' in size <10> not available
(Font)              Font shape `OT1/ptm/b/n' tried instead on input line 21.
LaTeX Font Info:    Try loading font information for U+msa on input line 21.

(/usr/local/texlive/2014/texmf-dist/tex/latex/amsfonts/umsa.fd
File: umsa.fd 2013/01/14 v3.01 AMS symbols A
)
LaTeX Font Info:    Try loading font information for U+msb on input line 21.

(/usr/local/texlive/2014/texmf-dist/tex/latex/amsfonts/umsb.fd
File: umsb.fd 2013/01/14 v3.01 AMS symbols B
) [1


{/usr/local/texlive/2014/texmf-var/fonts/map/pdftex/updmap/pdftex.map}] [2]
LaTeX Font Info:    Try loading font information for OMS+ptm on input line 48.

(/usr/local/texlive/2014/texmf-dist/tex/latex/psnfss/omsptm.fd
File: omsptm.fd 
)
LaTeX Font Info:    Font shape `OMS/ptm/m/n' in size <10> not available
(Font)              Font shape `OMS/cmsy/m/n' tried instead on input line 48.

<corpus-hist.pdf, id=12, 505.89pt x 505.89pt>
File: corpus-hist.pdf Graphic file (type pdf)
 <use corpus-hist.pdf>
Package pdftex.def Info: corpus-hist.pdf used on input line 61.
(pdftex.def)             Requested size: 101.1762pt x 101.1762pt.

<logistic-hist.pdf, id=13, 505.89pt x 505.89pt>
File: logistic-hist.pdf Graphic file (type pdf)
 <use logistic-hist.pdf>
Package pdftex.def Info: logistic-hist.pdf used on input line 64.
(pdftex.def)             Requested size: 101.1762pt x 101.1762pt.

<extremity.pdf, id=14, 505.89pt x 505.89pt>
File: extremity.pdf Graphic file (type pdf)
 <use extremity.pdf>
Package pdftex.def Info: extremity.pdf used on input line 67.
(pdftex.def)             Requested size: 101.1762pt x 101.1762pt.
 [3 <./corpus-hist.pdf> <./logistic-hist.pdf> <./extremity.pdf>] [4]
<sims-R-1-1.pdf, id=236, 289.08pt x 144.54pt>
File: sims-R-1-1.pdf Graphic file (type pdf)
 <use sims-R-1-1.pdf>
Package pdftex.def Info: sims-R-1-1.pdf used on input line 108.
(pdftex.def)             Requested size: 86.72466pt x 43.36232pt.
File: sims-R-1-1.pdf Graphic file (type pdf)

<use sims-R-1-1.pdf>
Package pdftex.def Info: sims-R-1-1.pdf used on input line 108.
(pdftex.def)             Requested size: 86.72466pt x 43.36232pt.
 <sims-R-10-1.pdf, id=237, 289.08pt x 144.54pt>
File: sims-R-10-1.pdf Graphic file (type pdf)

<use sims-R-10-1.pdf>
Package pdftex.def Info: sims-R-10-1.pdf used on input line 110.
(pdftex.def)             Requested size: 86.72466pt x 43.36232pt.
File: sims-R-10-1.pdf Graphic file (type pdf)
 <use sims-R-10-1.pdf>
Package pdftex.def Info: sims-R-10-1.pdf used on input line 110.
(pdftex.def)             Requested size: 86.72466pt x 43.36232pt.

<sims-R-1-2.pdf, id=238, 289.08pt x 144.54pt>
File: sims-R-1-2.pdf Graphic file (type pdf)
 <use sims-R-1-2.pdf>
Package pdftex.def Info: sims-R-1-2.pdf used on input line 112.
(pdftex.def)             Requested size: 86.72466pt x 43.36232pt.
File: sims-R-1-2.pdf Graphic file (type pdf)

<use sims-R-1-2.pdf>
Package pdftex.def Info: sims-R-1-2.pdf used on input line 112.
(pdftex.def)             Requested size: 86.72466pt x 43.36232pt.
 <sims-R-10-2.pdf, id=239, 289.08pt x 144.54pt>
File: sims-R-10-2.pdf Graphic file (type pdf)

<use sims-R-10-2.pdf>
Package pdftex.def Info: sims-R-10-2.pdf used on input line 114.
(pdftex.def)             Requested size: 86.72466pt x 43.36232pt.
File: sims-R-10-2.pdf Graphic file (type pdf)
 <use sims-R-10-2.pdf>
Package pdftex.def Info: sims-R-10-2.pdf used on input line 114.
(pdftex.def)             Requested size: 86.72466pt x 43.36232pt.

<sims-R-1-3.pdf, id=240, 289.08pt x 144.54pt>
File: sims-R-1-3.pdf Graphic file (type pdf)
 <use sims-R-1-3.pdf>
Package pdftex.def Info: sims-R-1-3.pdf used on input line 116.
(pdftex.def)             Requested size: 86.72466pt x 43.36232pt.
File: sims-R-1-3.pdf Graphic file (type pdf)

<use sims-R-1-3.pdf>
Package pdftex.def Info: sims-R-1-3.pdf used on input line 116.
(pdftex.def)             Requested size: 86.72466pt x 43.36232pt.
 <sims-R-10-3.pdf, id=241, 289.08pt x 144.54pt>
File: sims-R-10-3.pdf Graphic file (type pdf)

<use sims-R-10-3.pdf>
Package pdftex.def Info: sims-R-10-3.pdf used on input line 118.
(pdftex.def)             Requested size: 86.72466pt x 43.36232pt.
File: sims-R-10-3.pdf Graphic file (type pdf)
 <use sims-R-10-3.pdf>
Package pdftex.def Info: sims-R-10-3.pdf used on input line 118.
(pdftex.def)             Requested size: 86.72466pt x 43.36232pt.

<sims-R-1-4.pdf, id=242, 289.08pt x 187.902pt>
File: sims-R-1-4.pdf Graphic file (type pdf)
 <use sims-R-1-4.pdf>
Package pdftex.def Info: sims-R-1-4.pdf used on input line 120.
(pdftex.def)             Requested size: 86.72466pt x 56.37103pt.
File: sims-R-1-4.pdf Graphic file (type pdf)

<use sims-R-1-4.pdf>
Package pdftex.def Info: sims-R-1-4.pdf used on input line 120.
(pdftex.def)             Requested size: 86.72466pt x 56.37103pt.
 <sims-R-10-4.pdf, id=243, 289.08pt x 187.902pt>
File: sims-R-10-4.pdf Graphic file (type pdf)

<use sims-R-10-4.pdf>
Package pdftex.def Info: sims-R-10-4.pdf used on input line 122.
(pdftex.def)             Requested size: 86.72466pt x 56.37103pt.
File: sims-R-10-4.pdf Graphic file (type pdf)
 <use sims-R-10-4.pdf>
Package pdftex.def Info: sims-R-10-4.pdf used on input line 122.
(pdftex.def)             Requested size: 86.72466pt x 56.37103pt.
 [5 <./sims-R-1-1.pdf> <./sims-R-10-1.pdf> <./sims-R-1-2.pdf> <./sims-R-10-2.pd
f> <./sims-R-1-3.pdf> <./sims-R-10-3.pdf> <./sims-R-1-4.pdf> <./sims-R-10-4.pdf
>]
<R.pdf, id=489, 505.89pt x 505.89pt>
File: R.pdf Graphic file (type pdf)
 <use R.pdf>
Package pdftex.def Info: R.pdf used on input line 172.
(pdftex.def)             Requested size: 101.1762pt x 101.1762pt.
LaTeX Font Info:    Font shape `OT1/ptm/bx/it' in size <10> not available
(Font)              Font shape `OT1/ptm/b/it' tried instead on input line 177.
 [6 <./R.pdf>]
<nu1R0.pdf, id=584, 216.81pt x 158.99399pt>
File: nu1R0.pdf Graphic file (type pdf)
 <use nu1R0.pdf>
Package pdftex.def Info: nu1R0.pdf used on input line 242.
(pdftex.def)             Requested size: 54.20236pt x 39.7484pt.
File: nu1R0.pdf Graphic file (type pdf)
 <use nu1R0.pdf>
Package pdftex.def Info: nu1R0.pdf used on input line 242.
(pdftex.def)             Requested size: 54.20236pt x 39.7484pt.

<nu1R1.pdf, id=585, 216.81pt x 158.99399pt>
File: nu1R1.pdf Graphic file (type pdf)
 <use nu1R1.pdf>
Package pdftex.def Info: nu1R1.pdf used on input line 243.
(pdftex.def)             Requested size: 54.20236pt x 39.7484pt.
File: nu1R1.pdf Graphic file (type pdf)
 <use nu1R1.pdf>
Package pdftex.def Info: nu1R1.pdf used on input line 243.
(pdftex.def)             Requested size: 54.20236pt x 39.7484pt.

<nu1R2.pdf, id=586, 216.81pt x 158.99399pt>
File: nu1R2.pdf Graphic file (type pdf)
 <use nu1R2.pdf>
Package pdftex.def Info: nu1R2.pdf used on input line 244.
(pdftex.def)             Requested size: 54.20236pt x 39.7484pt.
File: nu1R2.pdf Graphic file (type pdf)
 <use nu1R2.pdf>
Package pdftex.def Info: nu1R2.pdf used on input line 244.
(pdftex.def)             Requested size: 54.20236pt x 39.7484pt.

<nu1R3.pdf, id=587, 216.81pt x 158.99399pt>
File: nu1R3.pdf Graphic file (type pdf)
 <use nu1R3.pdf>
Package pdftex.def Info: nu1R3.pdf used on input line 245.
(pdftex.def)             Requested size: 54.20236pt x 39.7484pt.
File: nu1R3.pdf Graphic file (type pdf)
 <use nu1R3.pdf>
Package pdftex.def Info: nu1R3.pdf used on input line 245.
(pdftex.def)             Requested size: 54.20236pt x 39.7484pt.

<nu2R0.pdf, id=588, 216.81pt x 158.99399pt>
File: nu2R0.pdf Graphic file (type pdf)
 <use nu2R0.pdf>
Package pdftex.def Info: nu2R0.pdf used on input line 248.
(pdftex.def)             Requested size: 54.20236pt x 39.7484pt.
File: nu2R0.pdf Graphic file (type pdf)
 <use nu2R0.pdf>
Package pdftex.def Info: nu2R0.pdf used on input line 248.
(pdftex.def)             Requested size: 54.20236pt x 39.7484pt.

<nu2R1.pdf, id=589, 216.81pt x 158.99399pt>
File: nu2R1.pdf Graphic file (type pdf)
 <use nu2R1.pdf>
Package pdftex.def Info: nu2R1.pdf used on input line 249.
(pdftex.def)             Requested size: 54.20236pt x 39.7484pt.
File: nu2R1.pdf Graphic file (type pdf)
 <use nu2R1.pdf>
Package pdftex.def Info: nu2R1.pdf used on input line 249.
(pdftex.def)             Requested size: 54.20236pt x 39.7484pt.

<nu2R2.pdf, id=590, 216.81pt x 158.99399pt>
File: nu2R2.pdf Graphic file (type pdf)
 <use nu2R2.pdf>
Package pdftex.def Info: nu2R2.pdf used on input line 250.
(pdftex.def)             Requested size: 54.20236pt x 39.7484pt.
File: nu2R2.pdf Graphic file (type pdf)
 <use nu2R2.pdf>
Package pdftex.def Info: nu2R2.pdf used on input line 250.
(pdftex.def)             Requested size: 54.20236pt x 39.7484pt.

<nu2R3.pdf, id=591, 216.81pt x 158.99399pt>
File: nu2R3.pdf Graphic file (type pdf)
 <use nu2R3.pdf>
Package pdftex.def Info: nu2R3.pdf used on input line 251.
(pdftex.def)             Requested size: 54.20236pt x 39.7484pt.
File: nu2R3.pdf Graphic file (type pdf)
 <use nu2R3.pdf>
Package pdftex.def Info: nu2R3.pdf used on input line 251.
(pdftex.def)             Requested size: 54.20236pt x 39.7484pt.

<nu3R0.pdf, id=592, 216.81pt x 158.99399pt>
File: nu3R0.pdf Graphic file (type pdf)
 <use nu3R0.pdf>
Package pdftex.def Info: nu3R0.pdf used on input line 254.
(pdftex.def)             Requested size: 54.20236pt x 39.7484pt.
File: nu3R0.pdf Graphic file (type pdf)
 <use nu3R0.pdf>
Package pdftex.def Info: nu3R0.pdf used on input line 254.
(pdftex.def)             Requested size: 54.20236pt x 39.7484pt.

<nu3R1.pdf, id=593, 216.81pt x 158.99399pt>
File: nu3R1.pdf Graphic file (type pdf)
 <use nu3R1.pdf>
Package pdftex.def Info: nu3R1.pdf used on input line 255.
(pdftex.def)             Requested size: 54.20236pt x 39.7484pt.
File: nu3R1.pdf Graphic file (type pdf)
 <use nu3R1.pdf>
Package pdftex.def Info: nu3R1.pdf used on input line 255.
(pdftex.def)             Requested size: 54.20236pt x 39.7484pt.

<nu3R2.pdf, id=594, 216.81pt x 158.99399pt>
File: nu3R2.pdf Graphic file (type pdf)
 <use nu3R2.pdf>
Package pdftex.def Info: nu3R2.pdf used on input line 256.
(pdftex.def)             Requested size: 54.20236pt x 39.7484pt.
File: nu3R2.pdf Graphic file (type pdf)
 <use nu3R2.pdf>
Package pdftex.def Info: nu3R2.pdf used on input line 256.
(pdftex.def)             Requested size: 54.20236pt x 39.7484pt.

<nu3R3.pdf, id=595, 216.81pt x 158.99399pt>
File: nu3R3.pdf Graphic file (type pdf)
 <use nu3R3.pdf>
Package pdftex.def Info: nu3R3.pdf used on input line 257.
(pdftex.def)             Requested size: 54.20236pt x 39.7484pt.
File: nu3R3.pdf Graphic file (type pdf)
 <use nu3R3.pdf>
Package pdftex.def Info: nu3R3.pdf used on input line 257.
(pdftex.def)             Requested size: 54.20236pt x 39.7484pt.

[7 <./nu1R0.pdf> <./nu1R1.pdf> <./nu1R2.pdf> <./nu1R3.pdf> <./nu2R0.pdf> <./nu2
R1.pdf> <./nu2R2.pdf> <./nu2R3.pdf> <./nu3R0.pdf> <./nu3R1.pdf> <./nu3R2.pdf> <
./nu3R3.pdf>] (./MorganLevy_evolang11-draft3.bbl) [8]
(./MorganLevy_evolang11-draft3.aux) ) 
Here is how much of TeX's memory you used:
 4213 strings out of 493109
 60825 string characters out of 6135004
 126536 words of memory out of 5000000
 7561 multiletter control sequences out of 15000+600000
 21501 words of font info for 50 fonts, out of 8000000 for 9000
 1141 hyphenation exceptions out of 8191
 38i,19n,47p,1433b,424s stack positions out of 5000i,500n,10000p,200000b,80000s
{/usr/local/texlive/2014/texmf-dist/fonts/
enc/dvips/base/8r.enc}</usr/local/texlive/2014/texmf-dist/fonts/type1/public/am
sfonts/cm/cmex10.pfb></usr/local/texlive/2014/texmf-dist/fonts/type1/public/ams
fonts/cm/cmmi10.pfb></usr/local/texlive/2014/texmf-dist/fonts/type1/public/amsf
onts/cm/cmmi7.pfb></usr/local/texlive/2014/texmf-dist/fonts/type1/public/amsfon
ts/cm/cmmi8.pfb></usr/local/texlive/2014/texmf-dist/fonts/type1/public/amsfonts
/cm/cmr10.pfb></usr/local/texlive/2014/texmf-dist/fonts/type1/public/amsfonts/c
m/cmr5.pfb></usr/local/texlive/2014/texmf-dist/fonts/type1/public/amsfonts/cm/c
mr6.pfb></usr/local/texlive/2014/texmf-dist/fonts/type1/public/amsfonts/cm/cmr7
.pfb></usr/local/texlive/2014/texmf-dist/fonts/type1/public/amsfonts/cm/cmr8.pf
b></usr/local/texlive/2014/texmf-dist/fonts/type1/public/amsfonts/cm/cmsy10.pfb
></usr/local/texlive/2014/texmf-dist/fonts/type1/public/amsfonts/cm/cmsy6.pfb><
/usr/local/texlive/2014/texmf-dist/fonts/type1/public/amsfonts/cm/cmsy7.pfb></u
sr/local/texlive/2014/texmf-dist/fonts/type1/urw/times/utmb8a.pfb></usr/local/t
exlive/2014/texmf-dist/fonts/type1/urw/times/utmbi8a.pfb></usr/local/texlive/20
14/texmf-dist/fonts/type1/urw/times/utmr8a.pfb></usr/local/texlive/2014/texmf-d
ist/fonts/type1/urw/times/utmri8a.pfb>
Output written on MorganLevy_evolang11-draft3.pdf (8 pages, 1380647 bytes).
PDF statistics:
 1103 PDF objects out of 1200 (max. 8388607)
 827 compressed objects within 9 object streams
 0 named destinations out of 1000 (max. 500000)
 121 words of extra memory for PDF output out of 10000 (max. 10000000)

